PID 62995 received SIGSEGV for address: 0x8bfa365fdc850c
0   segfault-handler.node               0x000000010889544c _ZL16segfault_handleriP9__siginfoPv + 272
1   libsystem_platform.dylib            0x0000000199f9ec44 _sigtramp + 56
2   ???                                 0x0000218ccbaa7428 0x0 + 36888596083752
3   ???                                 0x0000218ccbaa7428 0x0 + 36888596083752
4   ???                                 0x0000218ccba37548 0x0 + 36888595625288
5   ???                                 0x0000218ccba76330 0x0 + 36888595882800
6   ???                                 0x0000218ccba75c1c 0x0 + 36888595880988
7   ???                                 0x000033ac3860b340 0x0 + 56814773252928
8   node                                0x00000001049b46f8 Builtins_InterpreterEntryTrampoline + 248
9   node                                0x00000001049b46f8 Builtins_InterpreterEntryTrampoline + 248
10  node                                0x00000001049e13b4 Builtins_AsyncFunctionAwaitResolveClosure + 84
11  node                                0x0000000104a624dc Builtins_PromiseFulfillReactionJob + 60
12  node                                0x00000001049d4008 Builtins_RunMicrotasks + 616
13  node                                0x00000001049b23e4 Builtins_JSRunMicrotasksEntry + 164
14  node                                0x0000000104378468 _ZN2v88internal12_GLOBAL__N_16InvokeEPNS0_7IsolateERKNS1_12InvokeParamsE + 2364
15  node                                0x0000000104378978 _ZN2v88internal12_GLOBAL__N_118InvokeWithTryCatchEPNS0_7IsolateERKNS1_12InvokeParamsE + 88
16  node                                0x0000000104378a40 _ZN2v88internal9Execution16TryRunMicrotasksEPNS0_7IsolateEPNS0_14MicrotaskQueueEPNS0_11MaybeHandleINS0_6ObjectEEE + 64
17  node                                0x000000010439aeac _ZN2v88internal14MicrotaskQueue13RunMicrotasksEPNS0_7IsolateE + 424
18  node                                0x000000010439ace4 _ZN2v88internal14MicrotaskQueue17PerformCheckpointEPNS_7IsolateE + 56
19  node                                0x0000000104026bac _ZN4node21InternalCallbackScope5CloseEv + 248
20  node                                0x00000001040265e4 _ZN4node21InternalCallbackScopeD1Ev + 20
21  node                                0x0000000104136070 _ZN4node22PerIsolatePlatformData17RunForegroundTaskENSt3__110unique_ptrIN2v84TaskENS1_14default_deleteIS4_EEEE + 216
22  node                                0x0000000104134d00 _ZN4node22PerIsolatePlatformData28FlushForegroundTasksInternalEv + 800
23  node                                0x0000000104998124 uv__async_io + 320
24  node                                0x00000001049a9dfc uv__io_poll + 1052
25  node                                0x00000001049985b4 uv_run + 380
26  node                                0x0000000104027c20 _ZN4node13SpinEventLoopEPNS_11EnvironmentE + 244
27  node                                0x0000000104168f28 _ZN4node6worker6Worker3RunEv + 984
28  node                                0x000000010416c0d8 _ZZN4node6worker6Worker11StartThreadERKN2v820FunctionCallbackInfoINS2_5ValueEEEEN3$_38__invokeEPv + 56
29  libsystem_pthread.dylib             0x0000000199f53878 _pthread_start + 320
30  libsystem_pthread.dylib             0x0000000199f4e5e0 thread_start + 8
